{"level":"info","message":"POST /api/users","timestamp":"2024-02-25T09:09:26.504Z"}
{"level":"error","message":"UserService.createUser is not a function","timestamp":"2024-02-25T09:09:26.519Z"}
{"level":"info","message":"POST /api/users","timestamp":"2024-02-25T09:10:56.616Z"}
{"level":"info","message":"GET /api/users","timestamp":"2024-02-25T09:11:10.884Z"}
{"level":"info","message":"GET /api/locations","timestamp":"2024-02-25T10:06:41.112Z"}
{"level":"info","message":"GET /api/locations","timestamp":"2024-02-25T10:07:40.708Z"}
{"level":"info","message":"GET /api/locations","timestamp":"2024-02-25T10:08:31.315Z"}
{"level":"info","message":"POST /api/locations","timestamp":"2024-02-25T10:08:43.328Z"}
{"level":"info","message":"POST /api/locations","timestamp":"2024-02-25T10:08:57.536Z"}
{"level":"info","message":"POST /api/locations","timestamp":"2024-02-25T10:09:08.141Z"}
{"level":"info","message":"POST /api/locations","timestamp":"2024-02-25T10:09:15.719Z"}
{"level":"info","message":"GET /api/locations","timestamp":"2024-02-25T10:09:22.776Z"}
{"level":"info","message":"GET /api/locations","timestamp":"2024-02-25T10:09:50.943Z"}
{"level":"info","message":"GET /api/locations","timestamp":"2024-02-25T10:10:02.295Z"}
{"level":"info","message":"GET /api/locations/65db11ab146961daaaf74974","timestamp":"2024-02-25T10:10:31.766Z"}
{"level":"info","message":"GET /api/locations/?category=Landmark","timestamp":"2024-02-25T10:11:02.624Z"}
{"level":"info","message":"PATCH /api/locations/65db11ab146961daaaf74974","timestamp":"2024-02-25T10:11:46.626Z"}
{"level":"info","message":"GET /api/locations/65db11ab146961daaaf74974","timestamp":"2024-02-25T10:11:54.031Z"}
{"level":"info","message":"PATCH /api/locations/65db11ab146961daaaf74974?category=Landmark","timestamp":"2024-02-25T10:12:38.274Z"}
{"level":"info","message":"GET /api/locations/65db11ab146961daaaf74974?category=Landmark","timestamp":"2024-02-25T10:12:46.115Z"}
{"level":"info","message":"DELETE /api/locations/65db11ab146961daaaf74974","timestamp":"2024-02-25T10:13:06.306Z"}
{"level":"info","message":"GET /api/locations/","timestamp":"2024-02-25T10:13:17.190Z"}
